<?xml version="1.0" encoding="UTF-8"?>
<testsuite name="Obtener los albumes de un usuario" tests="1" skipped="0" failures="0" errors="0" timestamp="2022-03-24T00:04:39" hostname="JUANMAN-PC" time="0.294">
  <properties/>
  <testcase name="Obtener la lista de albumes de un usuario" classname="Obtener los albumes de un usuario" time="0.294"/>
  <system-out><![CDATA[]]></system-out>
  <system-err><![CDATA[]]></system-err>
</testsuite>
