<?xml version="1.0" encoding="UTF-8"?>
<testsuite name="Actualizar el titulo de un post" tests="1" skipped="0" failures="0" errors="0" timestamp="2022-03-25T16:33:29" hostname="JUANMAN-PC" time="0.647">
  <properties/>
  <testcase name="Modificar el titulo de un post" classname="Actualizar el titulo de un post" time="0.647"/>
  <system-out><![CDATA[]]></system-out>
  <system-err><![CDATA[]]></system-err>
</testsuite>
